<?xml version="1.0" encoding="UTF-8"?>
<!-- Generated by org.testng.reporters.JUnitXMLReporter -->
<testsuite hostname="LAPTOP-JOPOHLMU" ignored="0" name="RegressionTests" tests="2" failures="0" timestamp="20 Sep 2020 21:19:20 GMT" time="225.374" errors="0">
  <testcase name="verifyPageTitle" time="89.083" classname="com.qa.automation.ndtv.weatherreporting.tests.SimpleTests"/>
  <testcase name="captureWeatherDetailsFromUIAndApi" time="111.026" classname="com.qa.automation.ndtv.weatherreporting.tests.WeatherComparator"/>
</testsuite> <!-- RegressionTests -->
